<?xml version="1.0" encoding="UTF-8"?>
<!-- Generated by org.testng.reporters.JUnitReportReporter -->
<testsuite hostname="DESKTOP-UGI266I" failures="0" tests="1" name="Tests.LoginTest" time="3.387" errors="0" timestamp="2023-11-24T00:36:51 CET" skipped="0">
  <testcase classname="Tests.LoginTest" name="ValidatedProductinCart" time="3.387"/>
</testsuite> <!-- Tests.LoginTest -->
